# JRE version: Java(TM) SE Runtime Environment (17.0.9+11) (build 17.0.9+11-LTS-201)
# Java VM: Java HotSpot(TM) 64-Bit Server VM (17.0.9+11-LTS-201, mixed mode, sharing, tiered, compressed oops, compressed class ptrs, g1 gc, linux-amd64)
GC Precious Log:
 CPUs: 6 total, 6 available
 Memory: 15828M
 Large Page Support: Disabled
 NUMA Support: Disabled
 Compressed Oops: Enabled (Zero based)
 Heap Region Size: 2M
 Heap Min Capacity: 8M
 Heap Initial Capacity: 248M
 Heap Max Capacity: 3958M
 Pre-touch: Disabled
 Parallel Workers: 6
 Concurrent Workers: 2
 Concurrent Refinement Workers: 6
 Periodic GC: Disabled
Heap:
 garbage-first heap   total 258048K, used 21402K [0x0000000708a00000, 0x0000000800000000)
  region size 2048K, 11 young (22528K), 2 survivors (4096K)
 Metaspace       used 18292K, committed 18560K, reserved 1114112K
  class space    used 2023K, committed 2176K, reserved 1048576K
GC Heap History (20 events):
Event: 4283.158 GC heap before
{Heap before GC invocations=5 (full 0):
 garbage-first heap   total 258048K, used 152470K [0x0000000708a00000, 0x0000000800000000)
  region size 2048K, 74 young (151552K), 2 survivors (4096K)
 Metaspace       used 18172K, committed 18496K, reserved 1114112K
  class space    used 2023K, committed 2176K, reserved 1048576K
}
Event: 4283.161 GC heap after
{Heap after GC invocations=6 (full 0):
 garbage-first heap   total 258048K, used 5093K [0x0000000708a00000, 0x0000000800000000)
  region size 2048K, 2 young (4096K), 2 survivors (4096K)
 Metaspace       used 18172K, committed 18496K, reserved 1114112K
  class space    used 2023K, committed 2176K, reserved 1048576K
}
Event: 5211.215 GC heap before
{Heap before GC invocations=6 (full 0):
 garbage-first heap   total 258048K, used 152549K [0x0000000708a00000, 0x0000000800000000)
  region size 2048K, 74 young (151552K), 2 survivors (4096K)
 Metaspace       used 18172K, committed 18496K, reserved 1114112K
  class space    used 2023K, committed 2176K, reserved 1048576K
}
Event: 5211.218 GC heap after
{Heap after GC invocations=7 (full 0):
 garbage-first heap   total 258048K, used 5004K [0x0000000708a00000, 0x0000000800000000)
  region size 2048K, 2 young (4096K), 2 survivors (4096K)
 Metaspace       used 18172K, committed 18496K, reserved 1114112K
  class space    used 2023K, committed 2176K, reserved 1048576K
}
Event: 6133.266 GC heap before
{Heap before GC invocations=7 (full 0):
 garbage-first heap   total 258048K, used 152460K [0x0000000708a00000, 0x0000000800000000)
  region size 2048K, 74 young (151552K), 2 survivors (4096K)
 Metaspace       used 18174K, committed 18496K, reserved 1114112K
  class space    used 2023K, committed 2176K, reserved 1048576K
}
Event: 6133.268 GC heap after
{Heap after GC invocations=8 (full 0):
 garbage-first heap   total 258048K, used 5091K [0x0000000708a00000, 0x0000000800000000)
  region size 2048K, 2 young (4096K), 2 survivors (4096K)
 Metaspace       used 18174K, committed 18496K, reserved 1114112K
  class space    used 2023K, committed 2176K, reserved 1048576K
}
Event: 7063.291 GC heap before
{Heap before GC invocations=8 (full 0):
 garbage-first heap   total 258048K, used 152547K [0x0000000708a00000, 0x0000000800000000)
  region size 2048K, 74 young (151552K), 2 survivors (4096K)
 Metaspace       used 18177K, committed 18496K, reserved 1114112K
  class space    used 2023K, committed 2176K, reserved 1048576K
}
Event: 7063.295 GC heap after
{Heap after GC invocations=9 (full 0):
 garbage-first heap   total 258048K, used 4842K [0x0000000708a00000, 0x0000000800000000)
  region size 2048K, 2 young (4096K), 2 survivors (4096K)
 Metaspace       used 18177K, committed 18496K, reserved 1114112K
  class space    used 2023K, committed 2176K, reserved 1048576K
}
Event: 7990.561 GC heap before
{Heap before GC invocations=9 (full 0):
 garbage-first heap   total 258048K, used 152298K [0x0000000708a00000, 0x0000000800000000)
  region size 2048K, 74 young (151552K), 2 survivors (4096K)
 Metaspace       used 18182K, committed 18496K, reserved 1114112K
  class space    used 2023K, committed 2176K, reserved 1048576K
}
Event: 7990.564 GC heap after
{Heap after GC invocations=10 (full 0):
 garbage-first heap   total 258048K, used 4850K [0x0000000708a00000, 0x0000000800000000)
  region size 2048K, 2 young (4096K), 2 survivors (4096K)
 Metaspace       used 18182K, committed 18496K, reserved 1114112K
  class space    used 2023K, committed 2176K, reserved 1048576K
}
Event: 8920.351 GC heap before
{Heap before GC invocations=10 (full 0):
 garbage-first heap   total 258048K, used 152306K [0x0000000708a00000, 0x0000000800000000)
  region size 2048K, 74 young (151552K), 2 survivors (4096K)
 Metaspace       used 18182K, committed 18496K, reserved 1114112K
  class space    used 2023K, committed 2176K, reserved 1048576K
}
Event: 8920.354 GC heap after
{Heap after GC invocations=11 (full 0):
 garbage-first heap   total 258048K, used 5006K [0x0000000708a00000, 0x0000000800000000)
  region size 2048K, 2 young (4096K), 2 survivors (4096K)
 Metaspace       used 18182K, committed 18496K, reserved 1114112K
  class space    used 2023K, committed 2176K, reserved 1048576K
}
Event: 9851.381 GC heap before
{Heap before GC invocations=11 (full 0):
 garbage-first heap   total 258048K, used 152462K [0x0000000708a00000, 0x0000000800000000)
  region size 2048K, 74 young (151552K), 2 survivors (4096K)
 Metaspace       used 18185K, committed 18496K, reserved 1114112K
  class space    used 2023K, committed 2176K, reserved 1048576K
}
Event: 9851.384 GC heap after
{Heap after GC invocations=12 (full 0):
 garbage-first heap   total 258048K, used 4852K [0x0000000708a00000, 0x0000000800000000)
  region size 2048K, 2 young (4096K), 2 survivors (4096K)
 Metaspace       used 18185K, committed 18496K, reserved 1114112K
  class space    used 2023K, committed 2176K, reserved 1048576K
}
Event: 10783.416 GC heap before
{Heap before GC invocations=12 (full 0):
 garbage-first heap   total 258048K, used 152308K [0x0000000708a00000, 0x0000000800000000)
  region size 2048K, 74 young (151552K), 2 survivors (4096K)
 Metaspace       used 18185K, committed 18496K, reserved 1114112K
  class space    used 2023K, committed 2176K, reserved 1048576K
}
Event: 10783.420 GC heap after
{Heap after GC invocations=13 (full 0):
 garbage-first heap   total 258048K, used 4835K [0x0000000708a00000, 0x0000000800000000)
  region size 2048K, 2 young (4096K), 2 survivors (4096K)
 Metaspace       used 18185K, committed 18496K, reserved 1114112K
  class space    used 2023K, committed 2176K, reserved 1048576K
}
Event: 11710.440 GC heap before
{Heap before GC invocations=13 (full 0):
 garbage-first heap   total 258048K, used 152291K [0x0000000708a00000, 0x0000000800000000)
  region size 2048K, 74 young (151552K), 2 survivors (4096K)
 Metaspace       used 18191K, committed 18496K, reserved 1114112K
  class space    used 2023K, committed 2176K, reserved 1048576K
}
Event: 11710.443 GC heap after
{Heap after GC invocations=14 (full 0):
 garbage-first heap   total 258048K, used 4816K [0x0000000708a00000, 0x0000000800000000)
  region size 2048K, 2 young (4096K), 2 survivors (4096K)
 Metaspace       used 18191K, committed 18496K, reserved 1114112K
  class space    used 2023K, committed 2176K, reserved 1048576K
}
Event: 12609.795 GC heap before
{Heap before GC invocations=14 (full 0):
 garbage-first heap   total 258048K, used 152272K [0x0000000708a00000, 0x0000000800000000)
  region size 2048K, 74 young (151552K), 2 survivors (4096K)
 Metaspace       used 18267K, committed 18560K, reserved 1114112K
  class space    used 2023K, committed 2176K, reserved 1048576K
}
Event: 12609.799 GC heap after
{Heap after GC invocations=15 (full 0):
 garbage-first heap   total 258048K, used 5018K [0x0000000708a00000, 0x0000000800000000)
  region size 2048K, 2 young (4096K), 2 survivors (4096K)
 Metaspace       used 18267K, committed 18560K, reserved 1114112K
  class space    used 2023K, committed 2176K, reserved 1048576K
}

